<?xml version="1.0" encoding="UTF-8"?>
<!-- Generated by org.testng.reporters.JUnitXMLReporter -->
<testsuite ignored="0" hostname="Dasiks-MacBook-2.local" failures="0" tests="2" name="Command line test" time="0.17" errors="0" timestamp="2020-11-10T11:37:42 MSK">
  <testcase classname="by.epam.taskFour.service.NumberServiceTest" name="isTwoEvenNumbersFalse" time="0.022"/>
  <testcase classname="by.epam.taskFour.service.NumberServiceTest" name="isTwoEvenNumbersTrue" time="0.013"/>
</testsuite> <!-- Command line test -->
